<?xml version="1.0" encoding="UTF-8"?>
<!-- Generated by org.testng.reporters.JUnitReportReporter -->
<testsuite hostname="LAPTOP-N82T5CHP" failures="0" tests="1" name="testCases.TC002_LoginTest" time="2.345" errors="0" timestamp="2024-12-05T10:28:05 IST" skipped="0">
  <testcase classname="testCases.TC002_LoginTest" name="verifyLogin" time="2.345"/>
</testsuite> <!-- testCases.TC002_LoginTest -->
