<?xml version="1.0" encoding="UTF-8"?>
<!-- Generated by org.testng.reporters.JUnitReportReporter -->
<testsuite hostname="LAPTOP-N82T5CHP" failures="0" tests="1" name="testCases.TC001_AccountRegistrationTest" time="3.147" errors="0" timestamp="2024-12-05T10:28:05 IST" skipped="0">
  <testcase classname="testCases.TC001_AccountRegistrationTest" name="VerifyAccountRegistration" time="3.147"/>
</testsuite> <!-- testCases.TC001_AccountRegistrationTest -->
